SF:lib\ui\dialogs\info_alert\info_alert_dialog_model.dart
DA:9,1
DA:11,1
DA:12,2
LF:3
LH:3
end_of_record
SF:lib\app\app.locator.dart
DA:14,9
DA:16,1
DA:21,2
DA:25,2
DA:26,2
DA:27,2
LF:6
LH:6
end_of_record
SF:lib\app\app.router.dart
DA:81,0
DA:82,0
DA:84,0
DA:85,0
DA:89,0
DA:96,0
DA:103,0
DA:110,0
DA:117,1
DA:124,1
DA:131,0
DA:138,0
DA:145,0
DA:152,0
DA:159,0
DA:166,0
DA:173,0
DA:180,0
DA:187,0
DA:194,0
LF:20
LH:2
end_of_record
SF:lib\themes\theme.dart
DA:4,6
DA:5,2
DA:6,2
DA:7,2
DA:10,2
DA:12,2
DA:14,2
DA:16,2
DA:18,2
DA:20,2
DA:22,1
DA:24,1
DA:26,1
DA:27,1
DA:28,0
DA:30,0
DA:32,0
DA:34,0
DA:35,0
DA:36,0
DA:43,6
DA:44,2
DA:45,2
DA:47,2
DA:49,2
DA:51,2
DA:57,6
DA:60,6
DA:61,2
DA:67,2
DA:68,2
DA:69,2
DA:75,2
DA:80,2
DA:81,2
DA:82,2
DA:83,2
DA:89,2
DA:94,2
DA:95,2
DA:96,2
DA:97,2
LF:42
LH:36
end_of_record
SF:lib\ui\views\bingo\bingo_view.dart
DA:10,3
DA:11,1
DA:17,1
DA:18,1
DA:19,1
DA:20,1
DA:22,1
DA:26,3
DA:27,1
DA:35,1
DA:36,1
DA:37,1
DA:41,1
DA:43,1
DA:44,1
DA:45,1
DA:46,1
DA:47,1
DA:48,1
DA:50,1
DA:54,1
DA:56,1
DA:57,1
DA:58,1
DA:59,1
DA:62,1
DA:80,1
DA:83,1
DA:84,1
DA:85,1
DA:87,2
DA:88,1
DA:89,1
DA:90,1
DA:91,1
DA:96,1
DA:98,1
DA:99,1
DA:101,1
DA:119,1
DA:122,1
DA:130,1
DA:133,1
DA:154,1
DA:158,1
LF:45
LH:45
end_of_record
SF:lib\ui\views\bingo\bingo_viewmodel.dart
DA:8,1
DA:9,2
LF:2
LH:2
end_of_record
SF:lib\ui\views\table\table_view.dart
DA:7,7
DA:8,1
DA:14,1
DA:15,0
DA:16,0
DA:17,0
DA:18,0
DA:23,1
DA:24,1
DA:25,1
DA:27,2
DA:28,1
DA:29,1
DA:30,1
DA:31,1
DA:34,1
DA:41,1
DA:42,1
DA:43,1
DA:44,2
DA:45,3
DA:46,1
DA:47,1
DA:48,1
DA:49,1
DA:55,1
DA:58,0
DA:59,1
DA:61,1
DA:62,1
DA:64,1
DA:65,1
DA:67,0
DA:69,0
DA:72,1
DA:73,1
DA:74,4
DA:75,3
DA:83,1
DA:86,1
DA:92,1
DA:95,1
DA:101,1
DA:104,1
DA:114,0
DA:115,0
DA:117,0
DA:118,0
DA:121,0
DA:122,0
DA:123,0
DA:132,1
DA:133,1
LF:53
LH:39
end_of_record
SF:lib\ui\views\table\table_viewmodel.dart
DA:10,2
DA:11,2
DA:13,2
DA:14,8
DA:15,8
DA:16,2
DA:17,2
DA:19,2
DA:20,2
DA:21,2
DA:22,4
DA:23,8
DA:24,8
DA:25,2
DA:26,8
DA:27,2
DA:28,10
DA:30,8
DA:31,8
DA:33,2
DA:36,2
DA:37,2
DA:39,4
DA:40,10
DA:42,2
DA:45,1
DA:46,2
DA:47,6
DA:48,1
DA:51,1
DA:53,1
DA:54,0
DA:55,1
DA:56,0
DA:57,1
DA:58,0
DA:59,1
DA:60,0
DA:61,1
DA:62,0
DA:63,1
DA:64,0
DA:65,1
DA:67,0
DA:76,1
DA:77,1
DA:80,1
DA:82,2
DA:83,2
DA:84,2
DA:85,3
DA:94,1
DA:95,3
DA:96,3
DA:97,3
DA:98,3
DA:99,3
DA:100,3
DA:101,3
DA:102,3
DA:109,1
DA:110,3
DA:111,3
DA:112,3
DA:113,3
DA:114,3
DA:115,3
DA:116,3
DA:117,3
DA:118,3
DA:121,3
DA:122,3
DA:123,0
DA:124,0
DA:125,0
DA:126,0
DA:127,0
DA:128,0
DA:129,0
DA:132,3
DA:133,3
DA:134,0
DA:135,0
DA:136,0
DA:137,0
DA:138,0
DA:139,0
DA:140,0
DA:143,3
DA:144,3
DA:145,3
DA:146,3
DA:147,3
DA:148,3
DA:149,0
DA:150,0
DA:151,0
DA:157,1
DA:158,3
DA:159,3
DA:160,3
DA:161,3
DA:162,3
DA:163,3
DA:164,3
DA:165,3
DA:166,3
DA:167,3
DA:168,3
DA:169,3
DA:170,3
DA:171,3
DA:172,3
DA:173,3
DA:174,3
DA:175,3
DA:176,3
DA:177,3
DA:178,3
DA:179,3
DA:180,3
DA:181,3
DA:188,1
DA:189,3
DA:190,3
DA:191,3
DA:192,3
DA:193,3
DA:194,3
DA:195,3
DA:196,3
DA:197,3
DA:198,3
DA:199,3
DA:200,3
DA:201,3
DA:202,3
DA:203,3
DA:204,3
DA:205,3
DA:206,3
DA:207,3
DA:208,3
DA:209,3
DA:210,3
DA:211,3
DA:212,3
DA:219,1
DA:220,3
DA:221,3
DA:222,3
DA:223,3
DA:224,3
DA:225,3
DA:226,3
DA:227,3
DA:228,3
DA:229,3
DA:230,3
DA:231,3
DA:234,3
DA:235,3
DA:236,3
DA:237,3
DA:238,3
DA:239,3
DA:240,3
DA:241,3
DA:247,1
DA:249,3
DA:250,3
DA:251,3
DA:252,3
DA:253,3
DA:254,3
DA:255,3
DA:256,3
DA:262,1
DA:263,1
DA:264,1
LF:180
LH:156
end_of_record
SF:lib\app\app.dialogs.dart
DA:16,0
DA:17,0
DA:19,0
DA:20,0
DA:21,0
DA:24,0
LF:6
LH:0
end_of_record
SF:lib\ui\dialogs\info_alert\info_alert_dialog.dart
DA:13,0
DA:17,0
DA:18,0
DA:20,0
DA:21,0
DA:22,0
DA:26,0
DA:29,0
DA:31,0
DA:32,0
DA:33,0
DA:35,0
DA:36,0
DA:39,0
DA:47,0
DA:48,0
DA:50,0
DA:52,0
DA:53,0
DA:54,0
DA:59,0
DA:60,0
DA:61,0
DA:63,0
DA:66,0
LF:25
LH:0
end_of_record
SF:lib\ui\views\home\home_view.dart
DA:9,3
DA:10,1
DA:12,1
DA:13,2
DA:14,2
DA:15,1
DA:16,1
DA:17,1
DA:19,1
DA:20,1
DA:21,1
DA:22,1
DA:27,1
DA:28,1
DA:29,1
DA:30,1
DA:31,3
DA:32,1
DA:33,1
DA:34,1
DA:37,1
DA:38,1
DA:39,1
DA:41,1
DA:51,1
DA:54,1
DA:55,0
DA:57,0
DA:59,1
DA:62,1
DA:63,1
DA:64,3
LF:32
LH:30
end_of_record
SF:lib\ui\views\startup\startup_view.dart
DA:10,2
DA:12,0
DA:18,0
DA:19,0
DA:20,0
DA:22,0
DA:23,0
DA:25,0
DA:48,0
DA:52,0
DA:54,0
DA:55,0
DA:56,0
LF:13
LH:1
end_of_record
SF:lib\ui\common\ui_helpers.dart
DA:22,0
DA:30,0
DA:32,0
DA:33,0
DA:35,0
DA:37,0
DA:39,0
DA:41,0
DA:43,0
DA:44,0
DA:46,0
DA:47,0
DA:49,0
DA:50,0
DA:52,0
DA:53,0
DA:54,0
DA:55,0
DA:57,0
DA:58,0
DA:60,0
DA:61,0
DA:63,0
DA:64,0
DA:66,0
DA:67,0
DA:69,0
DA:73,0
DA:74,0
LF:29
LH:0
end_of_record
SF:lib\ui\views\home\home_viewmodel.dart
DA:11,0
DA:12,0
DA:17,0
DA:18,0
LF:4
LH:0
end_of_record
SF:lib\ui\views\startup\startup_viewmodel.dart
DA:10,0
DA:11,0
DA:16,0
LF:3
LH:0
end_of_record
