SF:lib\app\app.locator.dart
DA:14,3
DA:16,1
DA:21,2
DA:25,2
DA:26,2
DA:27,2
LF:6
LH:6
end_of_record
SF:lib\ui\views\table\table_viewmodel.dart
DA:10,0
DA:11,0
DA:13,0
DA:14,0
DA:15,0
DA:16,0
DA:17,0
DA:19,0
DA:20,0
DA:21,0
DA:22,0
DA:23,0
DA:24,0
DA:25,0
DA:26,0
DA:27,0
DA:28,0
DA:30,0
DA:31,0
DA:33,0
DA:36,0
DA:37,0
DA:39,0
DA:40,0
DA:42,0
DA:45,0
DA:46,0
DA:47,0
DA:48,0
DA:51,0
DA:53,0
DA:54,0
DA:56,0
DA:57,0
DA:59,0
DA:60,0
DA:62,0
DA:63,0
DA:65,0
DA:66,0
DA:73,0
DA:74,0
DA:77,0
DA:79,0
DA:80,0
DA:81,0
DA:82,0
DA:91,0
DA:92,0
DA:93,0
DA:94,0
DA:95,0
DA:96,0
DA:97,0
DA:98,0
DA:99,0
DA:106,0
DA:107,0
DA:108,0
DA:109,0
DA:110,0
DA:111,0
DA:112,0
DA:113,0
DA:114,0
DA:115,0
DA:118,0
DA:119,0
DA:120,0
DA:121,0
DA:122,0
DA:123,0
DA:124,0
DA:125,0
DA:126,0
DA:129,0
DA:130,0
DA:131,0
DA:132,0
DA:133,0
DA:134,0
DA:135,0
DA:136,0
DA:137,0
DA:140,0
DA:141,0
DA:142,0
DA:143,0
DA:144,0
DA:145,0
DA:146,0
DA:147,0
DA:148,0
DA:154,0
DA:155,0
DA:156,0
DA:157,0
DA:158,0
DA:159,0
DA:160,0
DA:161,0
DA:162,0
DA:163,0
DA:164,0
DA:165,0
DA:166,0
DA:169,0
DA:170,0
DA:171,0
DA:172,0
DA:173,0
DA:174,0
DA:175,0
DA:176,0
DA:182,0
DA:184,0
DA:185,0
DA:186,0
DA:187,0
DA:188,0
DA:189,0
DA:190,0
DA:191,0
DA:197,0
DA:198,0
DA:199,0
LF:126
LH:0
end_of_record
SF:lib\app\app.dialogs.dart
DA:16,0
DA:17,0
DA:19,0
DA:20,0
DA:21,0
DA:24,0
LF:6
LH:0
end_of_record
SF:lib\ui\dialogs\info_alert\info_alert_dialog.dart
DA:13,0
DA:17,0
DA:19,0
DA:21,0
DA:22,0
DA:23,0
DA:27,0
DA:30,0
DA:32,0
DA:33,0
DA:34,0
DA:36,0
DA:37,0
DA:40,0
DA:48,0
DA:49,0
DA:51,0
DA:53,0
DA:54,0
DA:55,0
DA:60,0
DA:61,0
DA:62,0
DA:64,0
DA:67,0
LF:25
LH:0
end_of_record
SF:lib\app\app.router.dart
DA:81,0
DA:82,0
DA:84,0
DA:85,0
DA:89,0
DA:96,0
DA:103,0
DA:110,0
DA:117,1
DA:124,1
DA:131,0
DA:138,0
DA:145,0
DA:152,0
DA:159,0
DA:166,0
DA:173,0
DA:180,0
DA:187,0
DA:194,0
LF:20
LH:2
end_of_record
SF:lib\ui\views\bingo\bingo_view.dart
DA:10,5
DA:11,0
DA:17,0
DA:18,0
DA:19,0
DA:21,0
DA:25,0
DA:26,0
DA:33,0
DA:34,0
DA:35,0
DA:39,0
DA:41,0
DA:42,0
DA:43,0
DA:44,0
DA:45,0
DA:46,0
DA:48,0
DA:52,0
DA:54,0
DA:55,0
DA:56,0
DA:57,0
DA:60,0
DA:78,0
DA:81,0
DA:82,0
DA:83,0
DA:85,0
DA:86,0
DA:87,0
DA:88,0
DA:89,0
DA:94,0
DA:96,0
DA:97,0
DA:99,0
DA:117,0
DA:120,0
DA:126,0
DA:129,0
DA:159,0
DA:163,0
LF:44
LH:1
end_of_record
SF:lib\ui\views\home\home_view.dart
DA:9,5
DA:11,0
DA:13,0
DA:14,0
DA:15,0
DA:16,0
DA:17,0
DA:18,0
DA:20,0
DA:21,0
DA:22,0
DA:27,0
DA:28,0
DA:29,0
DA:30,0
DA:31,0
DA:32,0
DA:33,0
DA:34,0
DA:37,0
DA:38,0
DA:39,0
DA:41,0
DA:51,0
DA:54,0
DA:55,0
DA:57,0
DA:59,0
DA:62,0
DA:63,0
DA:64,0
LF:31
LH:1
end_of_record
SF:lib\ui\views\startup\startup_view.dart
DA:10,5
DA:12,0
DA:18,0
DA:19,0
DA:20,0
DA:22,0
DA:23,0
DA:25,0
DA:48,0
DA:52,0
DA:54,0
DA:55,0
DA:56,0
LF:13
LH:1
end_of_record
SF:lib\ui\views\table\table_view.dart
DA:7,10
DA:8,0
DA:14,0
DA:15,0
DA:16,0
DA:17,0
DA:18,0
DA:23,0
DA:24,0
DA:25,0
DA:27,0
DA:28,0
DA:29,0
DA:30,0
DA:31,0
DA:34,0
DA:41,0
DA:42,0
DA:43,0
DA:44,0
DA:45,0
DA:46,0
DA:47,0
DA:48,0
DA:49,0
DA:55,0
DA:58,0
DA:59,0
DA:61,0
DA:62,0
DA:64,0
DA:65,0
DA:67,0
DA:69,0
DA:72,0
DA:73,0
DA:74,0
DA:75,0
DA:83,0
DA:86,0
DA:92,0
DA:95,0
DA:101,0
DA:104,0
DA:114,0
DA:115,0
DA:117,0
DA:118,0
DA:121,0
DA:122,0
DA:123,0
DA:132,0
DA:133,0
LF:53
LH:1
end_of_record
SF:lib\themes\theme.dart
DA:4,0
DA:5,0
DA:6,0
DA:7,0
DA:10,0
DA:12,0
DA:14,0
DA:16,0
DA:18,0
DA:20,0
DA:22,0
DA:24,0
DA:26,0
DA:27,0
DA:28,0
DA:35,0
DA:36,0
DA:37,0
DA:39,0
DA:41,0
DA:43,0
DA:49,0
DA:52,0
DA:53,0
DA:59,0
DA:60,0
DA:61,0
DA:67,0
DA:72,0
DA:73,0
DA:74,0
DA:75,0
DA:81,0
DA:86,0
DA:87,0
DA:88,0
DA:89,0
LF:37
LH:0
end_of_record
SF:lib\ui\common\ui_helpers.dart
DA:22,0
DA:30,0
DA:32,0
DA:33,0
DA:35,0
DA:37,0
DA:39,0
DA:41,0
DA:43,0
DA:44,0
DA:46,0
DA:47,0
DA:49,0
DA:50,0
DA:52,0
DA:53,0
DA:54,0
DA:55,0
DA:57,0
DA:58,0
DA:60,0
DA:61,0
DA:63,0
DA:64,0
DA:66,0
DA:67,0
DA:69,0
DA:73,0
DA:74,0
LF:29
LH:0
end_of_record
SF:lib\ui\dialogs\info_alert\info_alert_dialog_model.dart
DA:9,1
DA:11,1
DA:12,2
LF:3
LH:3
end_of_record
SF:lib\ui\views\bingo\bingo_viewmodel.dart
DA:7,0
DA:8,0
LF:2
LH:0
end_of_record
SF:lib\ui\views\home\home_viewmodel.dart
DA:11,0
DA:12,0
DA:17,0
DA:18,0
LF:4
LH:0
end_of_record
SF:lib\ui\views\startup\startup_viewmodel.dart
DA:10,0
DA:11,0
DA:16,0
LF:3
LH:0
end_of_record
